<?xml version="1.0" encoding="utf-8"?>
<coverage line-rate="0.97429906542056077" branch-rate="0" complexity="0" branches-covered="0" branches-valid="0" timestamp="1762299964" lines-covered="417" lines-valid="428" version="0">
  <sources>
    <source>C:</source>
  </sources>
  <packages>
    <package name="C:\Users\berhan\Desktop\hw\cen429-2025-2026-62-samet-karas-cpp\build_win\build\Debug\LocalEventPlanner_tests.exe" line-rate="0.97429906542056077" branch-rate="0" complexity="0">
      <classes>
        <class name="localeventplanner_test.cpp" filename="Users\berhan\Desktop\hw\cen429-2025-2026-62-samet-karas-cpp\src\tests\LocalEventPlanner\localeventplanner_test.cpp" line-rate="0.97429906542056077" branch-rate="0" complexity="0">
          <methods/>
          <lines>
            <line number="52" hits="1"/>
            <line number="53" hits="1"/>
            <line number="54" hits="1"/>
            <line number="56" hits="1"/>
            <line number="58" hits="1"/>
            <line number="59" hits="1"/>
            <line number="60" hits="1"/>
            <line number="62" hits="1"/>
            <line number="64" hits="1"/>
            <line number="65" hits="1"/>
            <line number="66" hits="1"/>
            <line number="68" hits="1"/>
            <line number="71" hits="1"/>
            <line number="72" hits="1"/>
            <line number="73" hits="1"/>
            <line number="74" hits="1"/>
            <line number="78" hits="1"/>
            <line number="79" hits="1"/>
            <line number="80" hits="1"/>
            <line number="81" hits="1"/>
            <line number="84" hits="1"/>
            <line number="85" hits="1"/>
            <line number="86" hits="1"/>
            <line number="87" hits="1"/>
            <line number="94" hits="1"/>
            <line number="96" hits="1"/>
            <line number="97" hits="1"/>
            <line number="98" hits="1"/>
            <line number="103" hits="1"/>
            <line number="105" hits="1"/>
            <line number="106" hits="1"/>
            <line number="107" hits="1"/>
            <line number="109" hits="1"/>
            <line number="112" hits="1"/>
            <line number="113" hits="1"/>
            <line number="116" hits="1"/>
            <line number="117" hits="1"/>
            <line number="120" hits="1"/>
            <line number="121" hits="1"/>
            <line number="124" hits="1"/>
            <line number="125" hits="1"/>
            <line number="128" hits="1"/>
            <line number="129" hits="1"/>
            <line number="132" hits="1"/>
            <line number="133" hits="1"/>
            <line number="141" hits="1"/>
            <line number="142" hits="1"/>
            <line number="145" hits="1"/>
            <line number="146" hits="1"/>
            <line number="149" hits="1"/>
            <line number="153" hits="1"/>
            <line number="154" hits="1"/>
            <line number="156" hits="1"/>
            <line number="159" hits="1"/>
            <line number="161" hits="1"/>
            <line number="163" hits="1"/>
            <line number="164" hits="1"/>
            <line number="167" hits="1"/>
            <line number="168" hits="1"/>
            <line number="171" hits="1"/>
            <line number="172" hits="1"/>
            <line number="174" hits="1"/>
            <line number="175" hits="1"/>
            <line number="179" hits="1"/>
            <line number="180" hits="1"/>
            <line number="182" hits="1"/>
            <line number="183" hits="1"/>
            <line number="185" hits="1"/>
            <line number="186" hits="1"/>
            <line number="188" hits="1"/>
            <line number="189" hits="1"/>
            <line number="192" hits="1"/>
            <line number="194" hits="1"/>
            <line number="195" hits="1"/>
            <line number="196" hits="1"/>
            <line number="204" hits="1"/>
            <line number="205" hits="1"/>
            <line number="208" hits="1"/>
            <line number="209" hits="1"/>
            <line number="211" hits="1"/>
            <line number="212" hits="1"/>
            <line number="216" hits="1"/>
            <line number="217" hits="1"/>
            <line number="219" hits="1"/>
            <line number="222" hits="1"/>
            <line number="223" hits="1"/>
            <line number="226" hits="1"/>
            <line number="229" hits="1"/>
            <line number="230" hits="1"/>
            <line number="234" hits="1"/>
            <line number="235" hits="1"/>
            <line number="247" hits="1"/>
            <line number="248" hits="1"/>
            <line number="249" hits="1"/>
            <line number="250" hits="1"/>
            <line number="256" hits="1"/>
            <line number="258" hits="1"/>
            <line number="259" hits="1"/>
            <line number="260" hits="1"/>
            <line number="262" hits="1"/>
            <line number="265" hits="1"/>
            <line number="266" hits="1"/>
            <line number="268" hits="1"/>
            <line number="269" hits="1"/>
            <line number="273" hits="1"/>
            <line number="277" hits="1"/>
            <line number="278" hits="1"/>
            <line number="281" hits="1"/>
            <line number="282" hits="1"/>
            <line number="283" hits="1"/>
            <line number="290" hits="1"/>
            <line number="293" hits="1"/>
            <line number="294" hits="1"/>
            <line number="301" hits="1"/>
            <line number="302" hits="1"/>
            <line number="303" hits="1"/>
            <line number="304" hits="1"/>
            <line number="306" hits="1"/>
            <line number="307" hits="1"/>
            <line number="308" hits="1"/>
            <line number="309" hits="1"/>
            <line number="311" hits="1"/>
            <line number="312" hits="1"/>
            <line number="313" hits="1"/>
            <line number="314" hits="1"/>
            <line number="315" hits="1"/>
            <line number="318" hits="1"/>
            <line number="319" hits="1"/>
            <line number="320" hits="1"/>
            <line number="323" hits="1"/>
            <line number="324" hits="1"/>
            <line number="328" hits="1"/>
            <line number="329" hits="1"/>
            <line number="331" hits="1"/>
            <line number="332" hits="1"/>
            <line number="334" hits="1"/>
            <line number="335" hits="1"/>
            <line number="338" hits="1"/>
            <line number="339" hits="1"/>
            <line number="342" hits="1"/>
            <line number="343" hits="1"/>
            <line number="344" hits="1"/>
            <line number="347" hits="1"/>
            <line number="348" hits="1"/>
            <line number="349" hits="1"/>
            <line number="352" hits="1"/>
            <line number="353" hits="1"/>
            <line number="354" hits="1"/>
            <line number="356" hits="1"/>
            <line number="357" hits="1"/>
            <line number="358" hits="1"/>
            <line number="359" hits="1"/>
            <line number="361" hits="1"/>
            <line number="362" hits="1"/>
            <line number="367" hits="1"/>
            <line number="368" hits="1"/>
            <line number="369" hits="1"/>
            <line number="370" hits="1"/>
            <line number="373" hits="1"/>
            <line number="375" hits="1"/>
            <line number="379" hits="1"/>
            <line number="380" hits="1"/>
            <line number="382" hits="1"/>
            <line number="386" hits="1"/>
            <line number="388" hits="1"/>
            <line number="389" hits="1"/>
            <line number="390" hits="1"/>
            <line number="397" hits="1"/>
            <line number="398" hits="1"/>
            <line number="399" hits="1"/>
            <line number="401" hits="1"/>
            <line number="402" hits="1"/>
            <line number="406" hits="1"/>
            <line number="407" hits="1"/>
            <line number="408" hits="1"/>
            <line number="410" hits="1"/>
            <line number="411" hits="1"/>
            <line number="413" hits="1"/>
            <line number="414" hits="1"/>
            <line number="416" hits="1"/>
            <line number="417" hits="1"/>
            <line number="419" hits="1"/>
            <line number="420" hits="1"/>
            <line number="422" hits="1"/>
            <line number="423" hits="1"/>
            <line number="424" hits="1"/>
            <line number="426" hits="1"/>
            <line number="427" hits="1"/>
            <line number="429" hits="1"/>
            <line number="430" hits="1"/>
            <line number="432" hits="1"/>
            <line number="433" hits="1"/>
            <line number="438" hits="1"/>
            <line number="439" hits="1"/>
            <line number="440" hits="1"/>
            <line number="443" hits="1"/>
            <line number="446" hits="1"/>
            <line number="447" hits="1"/>
            <line number="448" hits="1"/>
            <line number="450" hits="1"/>
            <line number="457" hits="1"/>
            <line number="458" hits="1"/>
            <line number="459" hits="1"/>
            <line number="460" hits="1"/>
            <line number="461" hits="1"/>
            <line number="465" hits="1"/>
            <line number="466" hits="1"/>
            <line number="467" hits="1"/>
            <line number="473" hits="1"/>
            <line number="475" hits="1"/>
            <line number="476" hits="1"/>
            <line number="478" hits="1"/>
            <line number="489" hits="1"/>
            <line number="490" hits="1"/>
            <line number="491" hits="1"/>
            <line number="493" hits="1"/>
            <line number="508" hits="0"/>
            <line number="509" hits="0"/>
            <line number="510" hits="0"/>
            <line number="511" hits="0"/>
            <line number="513" hits="0"/>
            <line number="515" hits="0"/>
            <line number="516" hits="0"/>
            <line number="517" hits="0"/>
            <line number="535" hits="1"/>
            <line number="552" hits="1"/>
            <line number="554" hits="1"/>
            <line number="555" hits="1"/>
            <line number="556" hits="1"/>
            <line number="559" hits="1"/>
            <line number="560" hits="1"/>
            <line number="561" hits="1"/>
            <line number="562" hits="1"/>
            <line number="564" hits="1"/>
            <line number="565" hits="1"/>
            <line number="566" hits="1"/>
            <line number="567" hits="1"/>
            <line number="568" hits="1"/>
            <line number="571" hits="1"/>
            <line number="572" hits="1"/>
            <line number="573" hits="1"/>
            <line number="574" hits="1"/>
            <line number="576" hits="1"/>
            <line number="577" hits="1"/>
            <line number="578" hits="1"/>
            <line number="579" hits="1"/>
            <line number="581" hits="1"/>
            <line number="582" hits="1"/>
            <line number="583" hits="1"/>
            <line number="585" hits="1"/>
            <line number="586" hits="1"/>
            <line number="587" hits="1"/>
            <line number="588" hits="1"/>
            <line number="589" hits="1"/>
            <line number="590" hits="1"/>
            <line number="592" hits="1"/>
            <line number="593" hits="1"/>
            <line number="594" hits="1"/>
            <line number="595" hits="1"/>
            <line number="596" hits="1"/>
            <line number="598" hits="1"/>
            <line number="599" hits="1"/>
            <line number="600" hits="1"/>
            <line number="601" hits="1"/>
            <line number="602" hits="1"/>
            <line number="604" hits="1"/>
            <line number="606" hits="0"/>
            <line number="607" hits="0"/>
            <line number="608" hits="0"/>
            <line number="609" hits="1"/>
            <line number="610" hits="1"/>
            <line number="611" hits="1"/>
            <line number="615" hits="1"/>
            <line number="616" hits="1"/>
            <line number="617" hits="1"/>
            <line number="618" hits="1"/>
            <line number="621" hits="1"/>
            <line number="622" hits="1"/>
            <line number="623" hits="1"/>
            <line number="624" hits="1"/>
            <line number="626" hits="1"/>
            <line number="627" hits="1"/>
            <line number="628" hits="1"/>
            <line number="629" hits="1"/>
            <line number="630" hits="1"/>
            <line number="631" hits="1"/>
            <line number="632" hits="1"/>
            <line number="635" hits="1"/>
            <line number="636" hits="1"/>
            <line number="637" hits="1"/>
            <line number="638" hits="1"/>
            <line number="650" hits="1"/>
            <line number="651" hits="1"/>
            <line number="652" hits="1"/>
            <line number="653" hits="1"/>
            <line number="659" hits="1"/>
            <line number="660" hits="1"/>
            <line number="661" hits="1"/>
            <line number="662" hits="1"/>
            <line number="663" hits="1"/>
            <line number="676" hits="1"/>
            <line number="677" hits="1"/>
            <line number="678" hits="1"/>
            <line number="679" hits="1"/>
            <line number="680" hits="1"/>
            <line number="681" hits="1"/>
            <line number="682" hits="1"/>
            <line number="683" hits="1"/>
            <line number="693" hits="1"/>
            <line number="694" hits="1"/>
            <line number="696" hits="1"/>
            <line number="697" hits="1"/>
            <line number="699" hits="1"/>
            <line number="701" hits="1"/>
            <line number="702" hits="1"/>
            <line number="704" hits="1"/>
            <line number="705" hits="1"/>
            <line number="706" hits="1"/>
            <line number="710" hits="1"/>
            <line number="711" hits="1"/>
            <line number="713" hits="1"/>
            <line number="714" hits="1"/>
            <line number="716" hits="1"/>
            <line number="717" hits="1"/>
            <line number="718" hits="1"/>
            <line number="720" hits="1"/>
            <line number="721" hits="1"/>
            <line number="723" hits="1"/>
            <line number="724" hits="1"/>
            <line number="726" hits="1"/>
            <line number="727" hits="1"/>
            <line number="728" hits="1"/>
            <line number="730" hits="1"/>
            <line number="731" hits="1"/>
            <line number="733" hits="1"/>
            <line number="734" hits="1"/>
            <line number="735" hits="1"/>
            <line number="737" hits="1"/>
            <line number="738" hits="1"/>
            <line number="739" hits="1"/>
            <line number="750" hits="1"/>
            <line number="751" hits="1"/>
            <line number="752" hits="1"/>
            <line number="753" hits="1"/>
            <line number="755" hits="1"/>
            <line number="756" hits="1"/>
            <line number="757" hits="1"/>
            <line number="759" hits="1"/>
            <line number="760" hits="1"/>
            <line number="762" hits="1"/>
            <line number="763" hits="1"/>
            <line number="764" hits="1"/>
            <line number="766" hits="1"/>
            <line number="767" hits="1"/>
            <line number="768" hits="1"/>
            <line number="771" hits="1"/>
            <line number="772" hits="1"/>
            <line number="773" hits="1"/>
            <line number="774" hits="1"/>
            <line number="776" hits="1"/>
            <line number="777" hits="1"/>
            <line number="778" hits="1"/>
            <line number="785" hits="1"/>
            <line number="787" hits="1"/>
            <line number="788" hits="1"/>
            <line number="789" hits="1"/>
            <line number="792" hits="1"/>
            <line number="793" hits="1"/>
            <line number="799" hits="1"/>
            <line number="800" hits="1"/>
            <line number="801" hits="1"/>
            <line number="802" hits="1"/>
            <line number="804" hits="1"/>
            <line number="805" hits="1"/>
            <line number="808" hits="1"/>
            <line number="809" hits="1"/>
            <line number="812" hits="1"/>
            <line number="813" hits="1"/>
            <line number="814" hits="1"/>
            <line number="815" hits="1"/>
            <line number="823" hits="1"/>
            <line number="824" hits="1"/>
            <line number="825" hits="1"/>
            <line number="826" hits="1"/>
            <line number="829" hits="1"/>
            <line number="830" hits="1"/>
            <line number="831" hits="1"/>
            <line number="832" hits="1"/>
            <line number="834" hits="1"/>
            <line number="836" hits="1"/>
            <line number="837" hits="1"/>
            <line number="838" hits="1"/>
            <line number="840" hits="1"/>
            <line number="841" hits="1"/>
            <line number="842" hits="1"/>
            <line number="845" hits="1"/>
            <line number="846" hits="1"/>
            <line number="849" hits="1"/>
            <line number="850" hits="1"/>
            <line number="851" hits="1"/>
            <line number="852" hits="1"/>
            <line number="854" hits="1"/>
            <line number="857" hits="1"/>
            <line number="861" hits="1"/>
            <line number="863" hits="1"/>
            <line number="864" hits="1"/>
            <line number="865" hits="1"/>
            <line number="867" hits="1"/>
            <line number="868" hits="1"/>
            <line number="869" hits="1"/>
            <line number="872" hits="1"/>
            <line number="874" hits="1"/>
            <line number="879" hits="1"/>
            <line number="881" hits="1"/>
            <line number="882" hits="1"/>
            <line number="883" hits="1"/>
            <line number="884" hits="1"/>
            <line number="885" hits="1"/>
            <line number="888" hits="1"/>
            <line number="890" hits="1"/>
            <line number="893" hits="1"/>
            <line number="896" hits="1"/>
            <line number="899" hits="1"/>
            <line number="900" hits="1"/>
            <line number="903" hits="1"/>
            <line number="904" hits="1"/>
            <line number="905" hits="1"/>
            <line number="906" hits="1"/>
          </lines>
        </class>
      </classes>
    </package>
  </packages>
</coverage>
